<?xml version="1.0" encoding="UTF-8"?>
<!-- Generated by org.testng.reporters.JUnitReportReporter -->
<testsuite hostname="DS-000000006173" name="groupSales.US448_GroupSalesLandingPage" tests="1" failures="0" timestamp="25 Oct 2016 10:32:24 GMT" time="90.664" errors="0">
  <testcase name="groupSales_US448_TC3327" time="90.664" classname="groupSales.US448_GroupSalesLandingPage"/>
</testsuite> <!-- groupSales.US448_GroupSalesLandingPage -->
